' расчет корректирующего фактора модели штуцера под замеры
Public Function MF_cf_choke_fr( _
            ByVal qliq_sm3day As Double, _
            ByVal fw_perc As Double, _
            ByVal dchoke_mm As Double, _
            Optional ByVal p_in_atma As Double = -1, _
            Optional ByVal p_out_atma As Double = -1, _
            Optional ByVal d_pipe_mm As Double = 70, _
            Optional ByVal Tchoke_C As Double = 20, _
            Optional ByVal PVTstr As String = PVT_DEFAULT _
            )
' qliq_sm3day    - дебит жидкости в пов условиях
' fw_perc       - обводненность
' dchoke_mm     - диаметр штуцера (эффективный)
' опциональные аргументы функции
' p_intake_atma      - давление на входе (высокой стороне)
' p_out_atma     - давление на выходе (низкой стороне)
' d_pipe_mm      - диаметр трубы до и после штуцера
' Tchoke_C      - температура, С.
' PVTstr        - закодированная строка с параметрами PVT.
'                 если задана - перекрывает другие значения
' результат     - число - давления на штуцере на расчетной стороне.
