' расчет производительности системы ”Ё÷Ќ
Public Function ESP_system_calc(Qliq_m3day As Double, fw_perc As Double, _
                        Pint_atma As Double, _
                        Optional ByVal NumStages As Integer = 1, Optional ByVal freq_Hz As Double = 50, _
                        Optional ByVal PumpID = 674, _
                        Optional ByVal PVTstr As String, _
                        Optional ByVal Tin_C As Double = 50, _
                        Optional ByVal Tdis_C As Double = 50, _
                        Optional ByVal CalcFromIntake As Boolean = 1, _
                        Optional ByVal GasDegtType As Integer = 0, Optional ByVal Kdegr As Double = 0, _
                        Optional ByVal ESP_Power_W As Double = 20, _
                        Optional ByVal ESP_U_V As Double = 1000, _
                        Optional ByVal ESP_cable_type As Integer = 1, _
                        Optional ByVal ESP_Hmes_m As Double = 1000)
' расчет параметров системы ”Ё÷Ќ
' характеристиками (харктеристики фдюида дл€ поверхности берутс€)
' Pin_atma       - давление на приеме насоса
' Qliq_m3day    - дебит жидкости на поверхности
' fw_perc      - обводненность
' NumStages     - количество ступеней
' freq_Hz          - частота, √ц
' PumpID        - идентификатор насоса
' PVT           - набор данных PVT
' Tin_C         - температура на приеме насоа
' Tdis_C        - температура на выкиде насоса. если =0 и CalcFromIntake = 1 то рассчитываетс
' CalcFromIntake - режим расчета снизу вверх или сверху вниз
' GasDegtType   - тип насоса по работе с газом
' Kdegr         - коэффициент деградации напора
