'' функция загрузки параметров двигателя с листа
'Public Function LoadMotorManually(Optional  Byval P_kW = 30, Optional  Byval U_V = 1000, Optional  Byval I_A = 10, _
'                    Optional  Byval Eff = 0.8, Optional  Byval CosPhi = 0.8, Optional  Byval F_Hz = 50, _
'                    Optional  Byval s = 0.05, Optional  Byval lambda = 2, Optional  Byval Diam = 117) As String
'    ' возвращаяет код двигателя
''On Error GoTo er1:
''    With Motor
''        .ID = 0
''        .MotorName = "_ПЭД_" & P_kW & "-" & Diam & "-" & U_V
''        .ManufacturerName = "Ручной ввод"
''        .Pnom_kW = P_kW
''        .Unom_lin_V = U_V
''        .Inom_phase_A = I_A
''        .Effnom_d = Eff
''        .CosPhinom_d = Cosphi
''        .fnom_Hz = f_Hz
''        .Snom_d = s
''        .Lambda_d = lambda
''        .minDcas_mm = Diam + 6
''
''        Call .CalcModelGridin
''    End With
''    LoadMotorManually = Motor.MotorName
''    Exit Function
''er1:
'' addLogMsg "Не удалось загрузить вручную параметры двигателя. Загружены параметры по умолчанию"
'' Set Motor = New CESPMotor
'End Function
'' функция расчета загрузки двигателя от скольжения
'' rnt 03/2016
