'' rnt 03/2016
'Public Function MotorLoad_d(s As Double, _
'                    Optional  Byval freq_HzU_Hz As Double = 50, _
'                    Optional  Byval U_V As Double = -1, _
'                    Optional  Byval MotorID As Integer = 0) As Double
''
''   s           - скольжение от 0 до 1
'' опциональные параметры
''   freq_HzU_Hz    - частота вращения внешнего поля
''   U_V         - напряжение питания двигателя, фазовое, В
'' выход
''   число       - значение момента двигателя при заданных частоте и напряжении
'
'
''    Application.Volatile (True)  ' поскольку пока есть зависимость от внешнего объекта - сделаем функцию чувствительной к пересчету
''
''
'''    Dim Motor As New CESPmotor
'''    Motor.CalcModelGridin
''
''    If freq_HzU_Hz > 0 Then Motor.f_Hz = freq_HzU_Hz
''    If U_V > 0 Then Motor.Ulin_V = U_V
''
''    Motor.S_d = s
''    MotorLoad_d = Motor.Load_d
'
'End Function
' функция расчета момента двигателя от проскальзования
' rnt 03/2016
