 Private Function readPVT(Optional ByVal gamma_gas As Double = const_gamma_gas_default, _
                    Optional ByVal gamma_oil As Double = const_gamma_oil_default, _
                    Optional ByVal gamma_wat As Double = const_gamma_wat_default, _
                    Optional ByVal rsb_m3m3 = const_Rsb_default, _
                    Optional ByVal Rp_m3m3 = -1, _
                    Optional ByVal Pb_atma = -1, _
                    Optional ByVal Tres_C = const_Tres_default, _
                    Optional ByVal Bob_m3m3 = -1, _
                    Optional ByVal Muob_cP = -1, _
                    Optional ByVal PVTcorr = StandingBased, _
                    Optional ByVal Ksep_fr = 0, _
                    Optional ByVal PKsep_atma = -1, _
                    Optional ByVal TKsep_C = -1, _
                    Optional ByVal PVTstr As String = "" _
                    ) As CPVT
    Dim PVT As CPVT
    If PVTstr <> "" Then
        Set PVT = PVT_Decode_string(PVTstr)
    Else
        Set PVT = New CPVT
        PVT.Init gamma_gas, gamma_oil, gamma_wat, rsb_m3m3, Pb_atma, Bob_m3m3, PVTcorr, Tres_C, Rp_m3m3, Muob_cP
        If Ksep_fr > 0 And Ksep_fr <= 1 And PKsep_atma > 0 And TKsep_C > 0 Then
            Call PVT.ModAfterSeparation(PKsep_atma, TKsep_C, Ksep_fr, GasGoesIntoSolution)
        End If
    End If
    Set readPVT = PVT
End Function
' функция расчета объемного коэффициента газа
