 Private Function readRange(rr)
    Dim ar() As Variant
    Dim arout() As Variant
        Dim i As Integer
        Dim j As Integer
On Error GoTo err1:
    If (TypeOf rr Is Range) Or IsArray(rr) Then
        If (TypeOf rr Is Range) Then
            If rr.Cells.Count = 1 Then
                ReDim ar(1 To 1, 1 To 1)
                ar(1, 1) = rr.Value
            Else
                ar = rr.Value
            End If
            j = 0
            For i = LBound(ar) To UBound(ar)
                If Not IsEmpty(ar(i, 1)) Then
                    j = j + 1
                    ReDim Preserve arout(1 To j)
                    arout(j) = ar(i, 1)
                End If
            Next i
        Else
            ReDim arout(LBound(rr) To UBound(rr))
            For i = LBound(rr) To UBound(rr)
                arout(i) = rr(i)
            Next i
        End If
    Else
        ReDim arout(1 To 1, 1 To 1)
        arout(1, 1) = rr
    End If
    readRange = arout
    Exit Function
err1:
    readRange = "error"
End Function
