' интерполяция функции заданной параметрически (параметр номер значения)
Public Function crv_parametric_interpolation(x_points, y_points, x_val, _
                        Optional ByVal type_interpolation As Integer = 0, _
                        Optional param_points = -1)
' x_points  - таблица аргументов функции
' y_points  - таблица значений функции
'             количество агрументов и значений функции должно совпадать
'             для табличной функции одному аргументу соответствует
'             строго одно значение функции (последнее)
' x_val     - аргумент для которого надо найти значение
'             одно значение в ячейке или диапазон значений
'             для диапазона аргументов будет найден диапазон значений
'             диапазоны могут быть заданы как в строках,
'             так и в столбцах
' type_interpolation - тип интерполяции
'                    0 - линейная интерполяция
'                    1 - кубическая интерполяция
'                    2 - интерполяция Акима (выбросы)
'                        https://en.wikipedia.org/wiki/Akima_spline
'                    3 - кубический сплайн Катмулла Рома
'                        https://en.wikipedia.org/wiki/Cubic_Hermite_spline
' результат
'             значение функции для заданного x_val
