' расчет подстроечных параметров системы УЭЦН
Public Function ESP_calibr_calc( _
                 ByVal qliq_sm3day As Double, _
                 ByVal fw_perc As Double, _
                 ByVal p_intake_atma As Double, _
                 ByVal p_discharge_atma As Double, _
        Optional ByVal str_PVT As String, _
        Optional ByVal str_ESP As String)
' qliq_sm3day       - дебит жидкости на поверхности
' fw_perc           - обводненность
' p_intake_atma     - давление на приеме
' p_discharge_atma  - давление на выкиде насоса
' str_PVT            - набор данных PVT
' str_ESP            - набор данных ЭЦН
' результат   - массив значений включающий
'                   перепад давления
'                   перепад температур
'                   мощность потребляемая с вала, Вт
'                   мощность гидравлическая по перекачке жидкости, Вт
'                   КПД ЭЦН
'                   список неполон
