' расчет давления в штуцере
Public Function MF_PChoke_atm(ByVal dPipe_mm As Double, _
                                ByVal dChoke_mm As Double, _
                                ByVal Pin_atma As Double, _
                                ByVal Pout_atma As Double, _
                                ByVal Qliq_m3day As Double, _
                                ByVal fw_perc As Double, _
                                Optional ByVal Tchoke_C As Double = 20, _
                                Optional ByVal Calc_from_P0 As Boolean = True, _
                                Optional ByVal PVTstr As String = "")
' dPipe_mm      - диаметр трубы до и после штуцера
' dChoke_mm     - диаметр штуцера (эффективный)
' Pin_atma       - давление на входе (высокой стороне)
' Pout_atma       - давление на выходе (низкой стороне)
' Qliq_m3day    - дебит жидкости в пов условиях
' fw_perc      - обводненность
' опциональные аргументы функции
' Tchoke_C      - температура, С.
' Calc_from_P0 - показывает направление расчета штуцера
' PVTstr    закодированная строка с параметрами PVT.
'           если задана - перекрывает другие значения
' выходное значение - число - перепад давления на штуцере.
