' Расчет потребляемого тока
' погружного ассинхронного двигателя от проскальзывания
Public Function motor_I_slip_A(ByVal s As Double, _
                     Optional ByVal freq_Hz As Double = 50, _
                     Optional ByVal U_V As Double = -1, _
                     Optional ByVal Unom_V As Double = 500, _
                     Optional ByVal Inom_A As Double = 10, _
                     Optional ByVal Fnom_Hz As Double = 50, _
                     Optional ByVal motorID As Integer = 0) As Double
'   s           - скольжение двигателя
' опциональные параметры
'   freq_Hz     - частота вращения внешнего поля
'   U_V         - напряжение рабочее, линейное, В
'   Unom_V      - номинальное напряжение питания двигателя, линейное, В
'   Inom_A      - номинальный ток двигателя, линейный, А
'   fnom_Hz     - номинальная частота вращения поля, Гц
'   motorID     - тип двигателя 0 - задается по схеме замещения,
'                               1 - задается по каталожным кривым
'                 корректно работает, толко для motorID = 0
' выход
'   результат   - ток
