' функция расчета узлового анализа системы пласт - скважина - УЭЦН
' по заданным параетрам пласта, скважины и УЭЦН
' определяется рабочий дебит и забойное давление
Public Function nodal_qliq_sm3day( _
             ByVal pi_sm3dayatm As Double, _
             ByVal plin_atma As Double, _
             ByVal fw_perc As Double, _
    Optional ByVal Pres_atma = 250, _
    Optional ByVal Pcas_atma As Double = 10, _
    Optional ByVal str_well As String = WELL_DEFAULT, _
    Optional ByVal str_PVT As String = PVT_DEFAULT, _
    Optional ByVal str_ESP As String = 0, _
    Optional ByVal hydr_corr As H_CORRELATION = 0, _
    Optional ByVal ksep_fr As Double = 0, _
    Optional ByVal c_calibr_head_d As Double = 0, _
    Optional ByVal param_num As Integer = 23)
' исходные параметры
' pi_sm3dayatm - коэффициент продуктивности пласта
' plin_atma - линейное давление
' fw_perc   - обводненность (объемная на поверхности)
'
' Pres_atma - пластовое давление
' Pcas_atma - затрубное давление (для определения Ндин)
' str_well  - закодированные параметры конструкции скважины.
'           Если не указано,
'           используются свойства скважины по умолчанию.
' str_PVT - закодированные параметры флюидов. Если не указано,
'          используются свойства флюида по умолчанию.
' str_ESP - закодированные параметры УЭЦН. Если
'          не задано или задано значение 0
'          то УЭЦН не учитывается, проводится расчет для
'          фонтанирующей скважины.
' hydr_corr  - гидравлическая корреляция, H_CORRELATION
'                   BeggsBrill = 0
'                   Ansari = 1
'                   Unified = 2
'                   Gray = 3
'                   HagedornBrown = 4
'                   SakharovMokhov = 5
' ksep_fr   - коэффициент сепарации.
'           если задан - то используется вместо расчетного
'           явное задание коэффициента серации ускоряет расчет
' c_calibr_head_d   - коэффициент деградации УЭЦН
' param_num - параметры для вывода в качестве результата
'             если не задан выводятся все в виде массива
' ----------- результаты расчета
' массив параметры работы системы пласт - скважина - УЭЦН
