' Функция кодирования параметров PVT в строку,
' для передачи PVT свойств в прикладные функции Унифлок.
Public Function PVT_encode_string( _
                    Optional ByVal gamma_gas As Double = const_gg_, _
                    Optional ByVal gamma_oil As Double = const_go_, _
                    Optional ByVal gamma_wat As Double = const_gw_, _
                    Optional ByVal rsb_m3m3 = const_rsb_default, _
                    Optional ByVal rp_m3m3 = -1, _
                    Optional ByVal pb_atma = -1, _
                    Optional ByVal tres_C = const_tres_default, _
                    Optional ByVal bob_m3m3 = -1, _
                    Optional ByVal muob_cP = -1, _
                    Optional ByVal PVTcorr = Standing_based, _
                    Optional ByVal ksep_fr = 0, _
                    Optional ByVal p_ksep_atma = -1, _
                    Optional ByVal t_ksep_C = -1, _
                    Optional ByVal gas_only As Boolean = False _
                    )
' gamma_gas - удельная плотность газа, по воздуху.
'             По умолчанию const_gg_ = 0.6
' gamma_oil - удельная плотность нефти, по воде.
'             По умолчанию const_go_ = 0.86
' gamma_wat - удельная плотность воды, по воде.
'             По умолчанию const_gw_ = 1
' rsb_m3m3  - газосодержание при давлении насыщения, м3/м3.
'             По умолчанию const_rsb_default = 100
' rp_m3m3 - замерной газовый фактор, м3/м3.
'           Имеет приоритет перед rsb если rp < rsb
' pb_atma - давление насыщения при  температуре tres_C, атма.
'           Опциональный калибровочный параметр,
'           если не задан или = 0, то рассчитается по корреляции.
' tres_C  - пластовая температура, С.
'           Учитывается при расчете давления насыщения.
'           По умолчанию  const_tres_default = 90
' bob_m3m3 - объемный коэффициент нефти при давлении насыщения
'            и пластовой температуре, м3/м3.
'            По умолчанию рассчитывается по корреляции.
' muob_cP  - вязкость нефти при давлении насыщения.
'            и пластовой температуре, сП.
'            По умолчанию рассчитывается по корреляции.
' PVTcorr - номер набора PVT корреляций для расчета:
'           0 - на основе корреляции Стендинга;
'           1 - на основе кор-ии Маккейна;
'           2 - на основе упрощенных зависимостей.
' ksep_fr - коэффициент сепарации - определяет изменение свойств
'           нефти после сепарации части свободного газа.
'           Зависит от давления и температуры
'           сепарации газа, которые должны быть явно заданы.
' p_ksep_atma - давление при которой была сепарация
' t_ksep_C    - температура при которой была сепарация
' gas_only   - флаг - в потоке только газ
'              по умолчанию False (нефть вода и газ)
' результат - закодированная строка
