' расчет вязкости нефти
Public Function PVT_mu_oil_cP( _
            ByVal p_atma As Double, _
            ByVal t_C As Double, _
            Optional ByVal gamma_gas As Double = const_gg_, _
            Optional ByVal gamma_oil As Double = const_go_, _
            Optional ByVal gamma_wat As Double = const_gw_, _
            Optional ByVal rsb_m3m3 = const_rsb_default, _
            Optional ByVal rp_m3m3 = -1, _
            Optional ByVal pb_atma = -1, _
            Optional ByVal tres_C = const_tres_default, _
            Optional ByVal bob_m3m3 = -1, _
            Optional ByVal muob_cP = -1, _
            Optional ByVal PVTcorr = Standing_based, _
            Optional ByVal ksep_fr = 0, _
            Optional ByVal p_ksep_atma = -1, _
            Optional ByVal t_ksep_C = -1, _
            Optional ByVal str_PVT As String = "")
' p_atma    давление, атм
' t_C       температура, С.
' gamma_gas удельная плотность газа, по воздуху.
'           const_gg_ = 0.6
' gamma_oil удельная плотность нефти, по воде.
'           const_go_ = 0.86
' gamma_wat удельная плотность воды, по воде.
'           const_gw_ = 1
' rsb_m3m3  газосодержание при давлении насыщения, м3/м3.
'           const_rsb_default = 100
' rp_m3m3   замерной газовый фактор, м3/м3.
'           имеет приоритет перед rsb если Rp < rsb
' pb_atma   Давление насыщения при  температуре tres_C, атма.
'           Опциональный калибровочный параметр,
'           если не задан или = 0 то рассчитается по корреляции
' tres_C    пластовая температура, С.
'           Учитывается при расчете давления насыщения.
'           const_tres_default = 90
' bob_m3m3  объемный коэффициент нефти, м3/м3.
' muob_cP   вязкость нефти при давлении насыщения
'           По умолчанию рассчитывается по корреляции
' PVTcorr   номер набора PVT корреляций для расчета
'           Standing_based = 0 - на основе кор-ии Стендинга
'           McCain_based = 1 - на основе кор-ии Маккейна
'           straigth_line = 2 - на основе упрощенных зависимостей
' ksep_fr   коэффициент сепарации - определяет изменение свойств
'           нефти после сепарации доли свободного газа.
'           изменение свойств нефти зависит от условий
'           сепарации газа, которые должны быть явно заданы
' p_ksep_atma    давление при которой была сепарация
' t_ksep_C       температура при которой была сепарация
' str_PVT    закодированная строка с параметрами PVT.
'           если задана - перекрывает другие значения
'
' результат - число - вязкость нефти
'           при заданных термобарических условиях, сП
