' расчет изменения забойного давления после запуска скважины
' с постоянным дебитом (terminal rate solution)
Function transient_pwf_radial_atma(ByVal t_day As Double, _
                                   ByVal qliq_sm3day As Double, _
                          Optional ByVal pi_atma As Double = 250, _
                          Optional ByVal skin As Double = 0, _
                          Optional ByVal cs_1atm As Double = 0, _
                          Optional ByVal r_m As Double = 0.1, _
                          Optional ByVal rw_m As Double = 0.1, _
                          Optional ByVal k_mD As Double = 100, _
                          Optional ByVal h_m As Double = 10, _
                          Optional ByVal porosity As Double = 0.2, _
                          Optional ByVal mu_cP As Double = 1, _
                          Optional ByVal b_m3m3 As Double = 1.2, _
                          Optional ByVal ct_1atm As Double = 0.00001, _
                          Optional ByVal model As Integer = 0) As Double
' t_day       - время для которого проводится расчет, сут
' qliq_sm3day - дебит запуска скважины, м3/сут в стандартных условиях
' pi_atma     - начальное пластовое давление, атма
' skin        - скин - фактор, может быть отрицательным
' cs_1atm     - коэффициент влияния ствола скважины, 1/атм
' r_m         - расстояние от скважины для которого проводится расчет, м
' rw_m        - радиус скважины, м
' k_mD        - проницаемость пласта, мД
' h_m         - толщина пласта, м
' porosity    - пористость
' mu_cP       - вязкость флюида в пласте, сП
' b_m3m3      - объемный коэффициент нефти, м3/м3
' ct_1atm     - общая сжимаемость системы в пласте, 1/атм
' model      - модель проведения расчета. 0 - модель линейного стока Ei
'              1 - модель линейного стока через преобразование Стефеста
'              2 - конечный радиус скважины
'              3 - линейный сток со скином и послепритоком
'              4 - конечный радиус скважины со скином и послепритоком
' результат - безразмерное давление pd
