' функция расчета линейного давления по забойному для скважины
' расчет снизу-вверх, простой и быстрый расчет
Public Function well_plin_pwf_atma( _
                 ByVal q_m3day As Double, _
                 ByVal fw_perc As Double, _
                 ByVal pwf_atma As Double, _
        Optional ByVal pcas_atma As Double = -1, _
        Optional ByVal str_well As String = WELL_DEFAULT, _
        Optional ByVal str_PVT As String = PVT_DEFAULT, _
        Optional ByVal str_ESP As String = 0, _
        Optional ByVal hydr_corr As H_CORRELATION = 0, _
        Optional ByVal ksep_fr As Double = 0, _
        Optional ByVal c_calibr_head_d As Double = 1, _
        Optional ByVal param_num As Integer = 1 _
                                    )
' исходные параметры
' q_m3day    - дебит жидкости, на поверхности
' fw_perc    - обводненность (объемная на поверхности)
' pwf_atma - забойное давление
'
' pcas_atma - затрубное давление
'     если не задано динамический уровень не рассчитывается
' str_well  - закодированные параметры конструкции скважины.
'           Если не указано,
'           используются свойства скважины по умолчанию.
' str_PVT - закодированные параметры флюидов. Если не указано,
'          используются свойства флюида по умолчанию.
' str_ESP - закодированные параметры УЭЦН. Если
'          не задано или задано значение 0
'          то УЭЦН не учитывается, проводится расчет для
'          фонтанирующей скважины.
' hydr_corr      - гидравлическая корреляция, H_CORRELATION
'                   BeggsBrill = 0
'                   Ansari = 1
'                   Unified = 2
'                   Gray = 3
'                   HagedornBrown = 4
'                   SakharovMokhov = 5
' ksep_fr - коэффициент сепарации.
'           если задан - то используется вместо расчетного
'           явное задание коэффициента серации ускоряет расчет
' c_calibr_head_d - коэффициент деградации УЭЦН
' param_num - параметры для вывода в качестве результата
'           на нулевой позиции выходного массива,
'           полный набор результатов выводится в виде массива
' ----------- результаты расчета
' массив параметры работы системы пласт - скважина - УЭЦН
