' функция расчета давления на приеме по забойному для скважины
' расчет снизу-вверх, считает только участок ниже насоса
Public Function well_pintake_pwf_atma( _
                 ByVal q_m3day As Double, _
                 ByVal fw_perc As Double, _
                 ByVal pwf_atma As Double, _
        Optional ByVal str_well As String = WELL_DEFAULT, _
        Optional ByVal str_PVT As String = PVT_DEFAULT, _
        Optional ByVal hydr_corr As H_CORRELATION = 0 _
                                    )
' исходные параметры
' q_m3day    - дебит жидкости, на поверхности
' fw_perc    - обводненность (объемная на поверхности)
' pwf_atma - забойное давление
'
' str_well  - закодированные параметры конструкции скважины.
'           Если не указано,
'           используются свойства скважины по умолчанию.
' str_PVT - закодированные параметры флюидов. Если не указано,
'          используются свойства флюида по умолчанию.
' hydr_corr      - гидравлическая корреляция, H_CORRELATION
'                   BeggsBrill = 0
'                   Ansari = 1
'                   Unified = 2
'                   Gray = 3
'                   HagedornBrown = 4
'                   SakharovMokhov = 5
' ----------- результаты расчета
' массив параметры работы системы пласт - скважина - УЭЦН
