'' функция адаптации модели скважины по данным эксплуатации
'' подбирает коэффициента деградации УЭЦН и штуцера
'' по замера на поверхности и на забое/приеме насоса
'Public Function well_calc_calibr_head_fr( _
'                     ByVal q_m3day As Double, _
'                     ByVal fw_perc As Double, _
'                     ByVal pdown_atma As Double, _
'                     ByVal pbuf_atma As Double, _
'            Optional Pdown_at_intake As Boolean = False, _
'            Optional ByVal plin_atma As Double = -1, _
'            Optional ByVal pcas_atma As Double = -1, _
'            Optional ByVal str_well As String = WELL_DEFAULT, _
'            Optional ByVal str_PVT As String = PVT_DEFAULT, _
'            Optional ByVal str_ESP As String = 0, _
'            Optional ByVal hydr_corr As H_CORRELATION = 0, _
'            Optional ByVal ksep_fr As Double = -1, _
'            Optional ByVal c_calibr_head_d As Double = 1, _
'            Optional ByVal param_num As Integer = 0)
'' исходные параметры
'' q_m3day    - дебит жидкости, на поверхности
'' fw_perc    - обводненность (объемная на поверхности)
'' Pdown_atma - давление ниже насоса (внизу) для расчета
''     либо забойное давление (по умолчанию)
''     либо давление на приеме
''     определяется опциональным параметром Pdown_at_intake
'' pbuf_atma  - буферное давление
''
'' Pdown_at_intake - флаг определяет точку расчета давления
''                   ниже насоса. По умолчанию забойное
'' plin_atma - линейное давление
''             если не задано штуцер не учитывается
'' pcas_atma - затрубное давление
''     если не задано динамический уровень не рассчитывается
'' str_well  - закодированные параметры конструкции скважины.
''           Если не указано,
''           используются свойства скважины по умолчанию.
'' str_PVT - закодированные параметры флюидов. Если не указано,
''          используются свойства флюида по умолчанию.
'' str_ESP - закодированные параметры УЭЦН. Если
''          не задано или задано значение 0
''          то УЭЦН не учитывается, проводится расчет для
''          фонтанирующей скважины.
'' hydr_corr      - гидравлическая корреляция, H_CORRELATION
''                   BeggsBrill = 0
''                   Ansari = 1
''                   Unified = 2
''                   Gray = 3
''                   HagedornBrown = 4
''                   SakharovMokhov = 5
'' ksep_fr - коэффициент сепарации.
''           если задан - то используется вместо расчетного
''           явное задание коэффициента серации ускоряет расчет
'' c_calibr_head_d - коэффициент деградации УЭЦН
'' param_num - параметры для вывода в качестве результата
''             если не задан выводятся все в виде массива
'' ----------- результаты расчета
'' массив параметры работы системы пласт - скважина - УЭЦН
