' функция расчета забойного давления скважины по динамическому уровню
Public Function Well_Pwf_Hdyn_atma( _
                     ByVal Q_m3Day As Double, _
                     ByVal fw_perc As Double, _
                     ByVal Pcas_atma As Double, _
                     ByVal Hdyn_m As Double, _
            Optional ByVal wellStr As String = WELL_DEFAULT, _
            Optional ByVal PVTstr As String = PVT_DEFAULT, _
            Optional ByVal ESPStr As String = ESP_DEFAULT, _
            Optional ByVal HydrCorr As H_CORRELATION = 0, _
            Optional ByVal Ksep_fr As Double = 0, _
            Optional ByVal Kdegr_d As Double = 0, _
            Optional ByVal param_num As Integer = 0)
' исходные параметры
' Q_m3Day   - дебит жидкости, на поверхности
' fw_perc   - обводненность (объемная на поверхности)
' Pcas_atma - затрубное давление
' Hdyn_m    - динамический уровень (при данном затрубном)
' ----------- опциональные параметры
' wellStr   - закодированные параметры конструкции скважины
' PVTstr    - закодированные параметры флюидов
' ESPStr    - закодированные параметры УЭЦН
' HydrCorr      - гидравлическая корреляция, H_CORRELATION
'                   BeggsBriilCor = 0
'                   AnsariCor = 1
'                   UnifiedCor = 2
'                   Gray = 3
'                   HagedornBrown = 4
'                   SakharovMokhov = 5
' Ksep_fr   - коэффициент сепарации.
'           если задан - то используется вместо расчетного
'           явное задание коэффициента серации ускоряет расчет
' Kdegr_d   - коэффициент деградации УЭЦН
' param_num - параметры для вывода в качестве результата
'             если не задан выводятся все в виде массива
' ----------- результаты расчета
' массив параметры работы системы "пласт - скважина - УЭЦН"
