' функция кодирования параметров работы скважины с газлифтом
Public Function wellGL_encode_string( _
                    Optional ByVal h_perf_m As Double = 2000, _
                    Optional ByVal htub_m As Double = 1800, _
                    Optional ByVal udl_m As Double = 0, _
                    Optional ByVal d_cas_mm As Double = 150, _
                    Optional ByVal dtub_mm As Double = 72, _
                    Optional ByVal dchoke_mm As Double = 15, _
                    Optional ByVal roughness_m As Double = 0.0001, _
                    Optional ByVal t_bh_C As Double = 85, _
                    Optional ByVal t_wh_C As Double = 25, _
                    Optional HmesGLV_m = 0, _
                    Optional dGLV_mm = 0, _
                    Optional PsurfGLV_atma = 0)
' h_perf_m       - измеренная глубина верхних дыр перфорации
'                 глубина пласта на которой рассчитывается
'                 забойное давление
' htub_m        - измеренная глубина спуска НКТ
' udl_m         - удлинение
'                 разница между измеренной и вертикальной
'                 глубиной пласта
' d_cas_mm       - внутренний диаметр эксплуатационной колонны
' dtub_mm       - внешний диаметр НКТ
' dchoke_mm     - диаметр штуцера
' roughness_m   - шероховатость стенок НКТ и ЭК
' t_bh_C         - температура флюида на забое скважины
' t_wh_C         - температура флюида на устье скважины
'                 по умолчанию температурный расчет идет
'                 такие образом, что температура флюида меняется
'                 линейно относительно вертикальной глубины
' HmesGLV_m     -
' dGLV_mm       -
' PsurfGLV_atma -
' результат     - строка с закодированными параметрами
